<?xml version="1.0" encoding="UTF-8"?>
<!-- Generated by org.testng.reporters.JUnitReportReporter -->
<testsuite hostname="DESKTOP-74VMEVP" failures="0" tests="2" name="testScript.ManageFooterTest" time="12.093" errors="0" timestamp="2025-06-18T22:17:15 IST" skipped="0">
  <testcase classname="testScript.ManageFooterTest" name="verifyTheUpdateButtonIsDisplayed" time="6.787"/>
  <testcase classname="testScript.ManageFooterTest" name="verifyTheUserIsAbleToManageFooterText" time="5.306"/>
</testsuite> <!-- testScript.ManageFooterTest -->
