<?xml version="1.0" encoding="UTF-8"?>
<!-- Generated by org.testng.reporters.JUnitReportReporter -->
<testsuite hostname="DESKTOP-74VMEVP" failures="0" tests="1" name="testScript.LoginTest" time="6.504" errors="0" timestamp="2025-06-18T22:15:28 IST" skipped="0">
  <testcase classname="testScript.LoginTest" name="verifyTheUserIsAbleToLoginUsingValidCredentials" time="6.504"/>
</testsuite> <!-- testScript.LoginTest -->
