<?xml version="1.0" encoding="UTF-8"?>
<!-- Generated by org.testng.reporters.JUnitReportReporter -->
<testsuite hostname="DESKTOP-74VMEVP" failures="0" tests="2" name="testScript.ManageFooterTest" time="17.682" errors="0" timestamp="2025-06-18T21:55:35 IST" skipped="0">
  <testcase classname="testScript.ManageFooterTest" name="verifyTheUserIsAbleToManageFooterText" time="11.809"/>
  <testcase classname="testScript.ManageFooterTest" name="verifyTheUpdateButtonIsDisplayed" time="5.873"/>
</testsuite> <!-- testScript.ManageFooterTest -->
