<?xml version="1.0" encoding="UTF-8"?>
<!-- Generated by org.testng.reporters.JUnitReportReporter -->
<testsuite hostname="DESKTOP-74VMEVP" failures="0" tests="2" name="testScript.ManageNewsTest" time="10.993" errors="0" timestamp="2025-06-19T21:58:18 IST" skipped="0">
  <testcase classname="testScript.ManageNewsTest" name="verifyTheUserIsAbleToAddMangeNews" time="4.968"/>
  <testcase classname="testScript.ManageNewsTest" name="verifyTheUserIsAbleToAddMangeNews" time="6.025"/>
</testsuite> <!-- testScript.ManageNewsTest -->
