<?xml version="1.0" encoding="UTF-8"?>
<!-- Generated by org.testng.reporters.JUnitReportReporter -->
<testsuite hostname="DESKTOP-74VMEVP" failures="0" tests="2" name="testScript.ManageFooterTest" time="12.064" errors="0" timestamp="2025-06-19T21:48:52 IST" skipped="0">
  <testcase classname="testScript.ManageFooterTest" name="verifyTheUpdateButtonIsDisplayed" time="7.150"/>
  <testcase classname="testScript.ManageFooterTest" name="verifyTheUserIsAbleToManageFooterText" time="4.914"/>
</testsuite> <!-- testScript.ManageFooterTest -->
